2024-06-24 18:08:06,499 p=3444395 u=upszot n=ansible | [WARNING]: A duplicate localhost-like entry was found (localhost). First found localhost was 127.0.0.1

2024-06-24 18:08:06,598 p=3444395 u=upszot n=ansible | PLAY [all] **********************************************************************************************************************************************************************************************************************************
2024-06-24 18:08:06,609 p=3444395 u=upszot n=ansible | TASK [Gathering Facts] **********************************************************************************************************************************************************************************************************************
2024-06-24 18:08:07,746 p=3444395 u=upszot n=ansible | ok: [localhost]
2024-06-24 18:08:07,775 p=3444395 u=upszot n=ansible | TASK [include_role : 2do_parcial] ***********************************************************************************************************************************************************************************************************
2024-06-24 18:08:07,805 p=3444395 u=upszot n=ansible | TASK [2do_parcial : debug] ******************************************************************************************************************************************************************************************************************
2024-06-24 18:08:07,817 p=3444395 u=upszot n=ansible | ok: [localhost] => {
    "msg": "Tareas del 2do Parcial"
}
2024-06-24 18:08:07,836 p=3444395 u=upszot n=ansible | TASK [Otra tarea] ***************************************************************************************************************************************************************************************************************************
2024-06-24 18:08:07,851 p=3444395 u=upszot n=ansible | ok: [localhost] => {
    "msg": "Despues de la ejecucion del rol"
}
2024-06-24 18:08:07,885 p=3444395 u=upszot n=ansible | PLAY RECAP **********************************************************************************************************************************************************************************************************************************
2024-06-24 18:08:07,885 p=3444395 u=upszot n=ansible | localhost                  : ok=3    changed=0    unreachable=0    failed=0    skipped=0    rescued=0    ignored=0   
2025-11-08 23:28:40,196 p=2209 u=juan_sebastian n=ansible | [WARNING]: A duplicate localhost-like entry was found (localhost). First found
localhost was 127.0.0.1

2025-11-08 23:28:40,608 p=2209 u=juan_sebastian n=ansible | PLAY [all] *********************************************************************
2025-11-08 23:28:40,632 p=2209 u=juan_sebastian n=ansible | TASK [Gathering Facts] *********************************************************
2025-11-08 23:28:40,881 p=2209 u=juan_sebastian n=ansible | fatal: [127.0.0.1]: UNREACHABLE! => {"changed": false, "msg": "Failed to connect to the host via ssh: Warning: Permanently added '127.0.0.1' (ED25519) to the list of known hosts.\r\njuan_sebastian@127.0.0.1: Permission denied (publickey,password).", "unreachable": true}
2025-11-08 23:28:42,644 p=2209 u=juan_sebastian n=ansible | [WARNING]: Platform linux on host localhost is using the discovered Python
interpreter at /usr/bin/python3.10, but future installation of another Python
interpreter could change the meaning of that path. See
https://docs.ansible.com/ansible-
core/2.17/reference_appendices/interpreter_discovery.html for more information.

2025-11-08 23:28:42,644 p=2209 u=juan_sebastian n=ansible | ok: [localhost]
2025-11-08 23:28:42,652 p=2209 u=juan_sebastian n=ansible | TASK [include_role : 2do_parcial] **********************************************
2025-11-08 23:28:42,713 p=2209 u=juan_sebastian n=ansible | included: 2do_parcial for localhost
2025-11-08 23:28:42,723 p=2209 u=juan_sebastian n=ansible | TASK [2do_parcial : debug] *****************************************************
2025-11-08 23:28:42,737 p=2209 u=juan_sebastian n=ansible | ok: [localhost] => {
    "msg": "Tareas del 2do Parcial"
}
2025-11-08 23:28:42,744 p=2209 u=juan_sebastian n=ansible | TASK [2do_parcial : crea directorios si no existe] *****************************
2025-11-08 23:28:43,068 p=2209 u=juan_sebastian n=ansible | changed: [localhost]
2025-11-08 23:28:43,074 p=2209 u=juan_sebastian n=ansible | TASK [2do_parcial : crea directorios si no existe] *****************************
2025-11-08 23:28:43,301 p=2209 u=juan_sebastian n=ansible | changed: [localhost]
2025-11-08 23:28:43,309 p=2209 u=juan_sebastian n=ansible | TASK [2do_parcial : Usando modulo template] ************************************
2025-11-08 23:28:43,463 p=2209 u=juan_sebastian n=ansible | An exception occurred during task execution. To see the full traceback, use -vvv. The error was: . expected token 'end of print statement', got 'sebastian'
2025-11-08 23:28:43,465 p=2209 u=juan_sebastian n=ansible | fatal: [localhost]: FAILED! => {"changed": false, "msg": "AnsibleError: template error while templating string: expected token 'end of print statement', got 'sebastian'. String: Nombre: {{ juan sebastian }} Apellido: {{ amarilla }}\nDivision: {{ 115 }}\n. expected token 'end of print statement', got 'sebastian'"}
2025-11-08 23:28:43,467 p=2209 u=juan_sebastian n=ansible | PLAY RECAP *********************************************************************
2025-11-08 23:28:43,467 p=2209 u=juan_sebastian n=ansible | 127.0.0.1                  : ok=0    changed=0    unreachable=1    failed=0    skipped=0    rescued=0    ignored=0   
2025-11-08 23:28:43,467 p=2209 u=juan_sebastian n=ansible | localhost                  : ok=5    changed=2    unreachable=0    failed=1    skipped=0    rescued=0    ignored=0   
2025-11-08 23:37:42,620 p=2413 u=juan_sebastian n=ansible | [WARNING]: A duplicate localhost-like entry was found (localhost). First found localhost was 127.0.0.1

2025-11-08 23:37:42,744 p=2413 u=juan_sebastian n=ansible | PLAY [all] ************************************************************************************************************************************************************************************************
2025-11-08 23:37:42,751 p=2413 u=juan_sebastian n=ansible | TASK [Gathering Facts] ************************************************************************************************************************************************************************************
2025-11-08 23:37:43,016 p=2413 u=juan_sebastian n=ansible | fatal: [127.0.0.1]: UNREACHABLE! => {"changed": false, "msg": "Failed to connect to the host via ssh: Warning: Permanently added '127.0.0.1' (ED25519) to the list of known hosts.\r\njuan_sebastian@127.0.0.1: Permission denied (publickey,password).", "unreachable": true}
2025-11-08 23:37:43,959 p=2413 u=juan_sebastian n=ansible | [WARNING]: Platform linux on host localhost is using the discovered Python interpreter at /usr/bin/python3.10, but future installation of another Python interpreter could change the meaning of that
path. See https://docs.ansible.com/ansible-core/2.17/reference_appendices/interpreter_discovery.html for more information.

2025-11-08 23:37:43,959 p=2413 u=juan_sebastian n=ansible | ok: [localhost]
2025-11-08 23:37:43,967 p=2413 u=juan_sebastian n=ansible | TASK [include_role : 2do_parcial] *************************************************************************************************************************************************************************
2025-11-08 23:37:43,996 p=2413 u=juan_sebastian n=ansible | included: 2do_parcial for localhost
2025-11-08 23:37:44,002 p=2413 u=juan_sebastian n=ansible | TASK [2do_parcial : debug] ********************************************************************************************************************************************************************************
2025-11-08 23:37:44,017 p=2413 u=juan_sebastian n=ansible | ok: [localhost] => {
    "msg": "Tareas del 2do Parcial"
}
2025-11-08 23:37:44,026 p=2413 u=juan_sebastian n=ansible | TASK [2do_parcial : crea directorios si no existe] ********************************************************************************************************************************************************
2025-11-08 23:37:44,349 p=2413 u=juan_sebastian n=ansible | ok: [localhost]
2025-11-08 23:37:44,355 p=2413 u=juan_sebastian n=ansible | TASK [2do_parcial : crea directorios si no existe] ********************************************************************************************************************************************************
2025-11-08 23:37:44,559 p=2413 u=juan_sebastian n=ansible | ok: [localhost]
2025-11-08 23:37:44,567 p=2413 u=juan_sebastian n=ansible | TASK [2do_parcial : Usando modulo template] ***************************************************************************************************************************************************************
2025-11-08 23:37:44,652 p=2413 u=juan_sebastian n=ansible | An exception occurred during task execution. To see the full traceback, use -vvv. The error was: If you are using a module and expect the file to exist on the remote, see the remote_src option
2025-11-08 23:37:44,653 p=2413 u=juan_sebastian n=ansible | fatal: [localhost]: FAILED! => {"changed": false, "msg": "Could not find or access '/templates/info_alumno.j2' on the Ansible Controller.\nIf you are using a module and expect the file to exist on the remote, see the remote_src option"}
2025-11-08 23:37:44,655 p=2413 u=juan_sebastian n=ansible | PLAY RECAP ************************************************************************************************************************************************************************************************
2025-11-08 23:37:44,656 p=2413 u=juan_sebastian n=ansible | 127.0.0.1                  : ok=0    changed=0    unreachable=1    failed=0    skipped=0    rescued=0    ignored=0   
2025-11-08 23:37:44,657 p=2413 u=juan_sebastian n=ansible | localhost                  : ok=5    changed=0    unreachable=0    failed=1    skipped=0    rescued=0    ignored=0   
2025-11-08 23:44:55,995 p=2597 u=juan_sebastian n=ansible | [WARNING]: A duplicate localhost-like entry was found (localhost). First found localhost was 127.0.0.1

2025-11-08 23:44:56,120 p=2597 u=juan_sebastian n=ansible | PLAY [all] ************************************************************************************************************************************************************************************************
2025-11-08 23:44:56,127 p=2597 u=juan_sebastian n=ansible | TASK [Gathering Facts] ************************************************************************************************************************************************************************************
2025-11-08 23:44:56,396 p=2597 u=juan_sebastian n=ansible | fatal: [127.0.0.1]: UNREACHABLE! => {"changed": false, "msg": "Failed to connect to the host via ssh: Warning: Permanently added '127.0.0.1' (ED25519) to the list of known hosts.\r\njuan_sebastian@127.0.0.1: Permission denied (publickey,password).", "unreachable": true}
2025-11-08 23:44:57,299 p=2597 u=juan_sebastian n=ansible | [WARNING]: Platform linux on host localhost is using the discovered Python interpreter at /usr/bin/python3.10, but future installation of another Python interpreter could change the meaning of that
path. See https://docs.ansible.com/ansible-core/2.17/reference_appendices/interpreter_discovery.html for more information.

2025-11-08 23:44:57,300 p=2597 u=juan_sebastian n=ansible | ok: [localhost]
2025-11-08 23:44:57,308 p=2597 u=juan_sebastian n=ansible | TASK [include_role : 2do_parcial] *************************************************************************************************************************************************************************
2025-11-08 23:44:57,334 p=2597 u=juan_sebastian n=ansible | included: 2do_parcial for localhost
2025-11-08 23:44:57,343 p=2597 u=juan_sebastian n=ansible | TASK [2do_parcial : debug] ********************************************************************************************************************************************************************************
2025-11-08 23:44:57,360 p=2597 u=juan_sebastian n=ansible | ok: [localhost] => {
    "msg": "Tareas del 2do Parcial"
}
2025-11-08 23:44:57,368 p=2597 u=juan_sebastian n=ansible | TASK [2do_parcial : crea directorios si no existe] ********************************************************************************************************************************************************
2025-11-08 23:44:57,687 p=2597 u=juan_sebastian n=ansible | ok: [localhost]
2025-11-08 23:44:57,695 p=2597 u=juan_sebastian n=ansible | TASK [2do_parcial : crea directorios si no existe] ********************************************************************************************************************************************************
2025-11-08 23:44:57,911 p=2597 u=juan_sebastian n=ansible | ok: [localhost]
2025-11-08 23:44:57,919 p=2597 u=juan_sebastian n=ansible | TASK [2do_parcial : Usando modulo template] ***************************************************************************************************************************************************************
2025-11-08 23:44:58,497 p=2597 u=juan_sebastian n=ansible | fatal: [localhost]: FAILED! => {"changed": false, "checksum": "10a1aacdb057b6baa5f0db60c0c160b3096e7ea8", "gid": 1002, "group": "juan_sebastian", "mode": "0664", "msg": "chown failed: [Errno 1] Operation not permitted: b'/tmp/2do_parcial/alumno/datos_alumno.txt'", "owner": "juan_sebastian", "path": "/tmp/2do_parcial/alumno/datos_alumno.txt", "size": 56, "state": "file", "uid": 1002}
2025-11-08 23:44:58,499 p=2597 u=juan_sebastian n=ansible | PLAY RECAP ************************************************************************************************************************************************************************************************
2025-11-08 23:44:58,501 p=2597 u=juan_sebastian n=ansible | 127.0.0.1                  : ok=0    changed=0    unreachable=1    failed=0    skipped=0    rescued=0    ignored=0   
2025-11-08 23:44:58,501 p=2597 u=juan_sebastian n=ansible | localhost                  : ok=5    changed=0    unreachable=0    failed=1    skipped=0    rescued=0    ignored=0   
2025-11-08 23:51:15,563 p=2795 u=juan_sebastian n=ansible | [WARNING]: A duplicate localhost-like entry was found (localhost). First found localhost was 127.0.0.1

2025-11-08 23:51:15,683 p=2795 u=juan_sebastian n=ansible | PLAY [all] ************************************************************************************************************************************************************************************************
2025-11-08 23:51:15,690 p=2795 u=juan_sebastian n=ansible | TASK [Gathering Facts] ************************************************************************************************************************************************************************************
2025-11-08 23:51:15,807 p=2795 u=juan_sebastian n=ansible | fatal: [127.0.0.1]: UNREACHABLE! => {"changed": false, "msg": "Failed to connect to the host via ssh: Warning: Permanently added '127.0.0.1' (ED25519) to the list of known hosts.\r\njuan_sebastian@127.0.0.1: Permission denied (publickey,password).", "unreachable": true}
2025-11-08 23:51:16,845 p=2795 u=juan_sebastian n=ansible | [WARNING]: Platform linux on host localhost is using the discovered Python interpreter at /usr/bin/python3.10, but future installation of another Python interpreter could change the meaning of that
path. See https://docs.ansible.com/ansible-core/2.17/reference_appendices/interpreter_discovery.html for more information.

2025-11-08 23:51:16,846 p=2795 u=juan_sebastian n=ansible | ok: [localhost]
2025-11-08 23:51:16,854 p=2795 u=juan_sebastian n=ansible | TASK [include_role : 2do_parcial] *************************************************************************************************************************************************************************
2025-11-08 23:51:16,880 p=2795 u=juan_sebastian n=ansible | included: 2do_parcial for localhost
2025-11-08 23:51:16,888 p=2795 u=juan_sebastian n=ansible | TASK [2do_parcial : debug] ********************************************************************************************************************************************************************************
2025-11-08 23:51:16,906 p=2795 u=juan_sebastian n=ansible | ok: [localhost] => {
    "msg": "Tareas del 2do Parcial"
}
2025-11-08 23:51:16,913 p=2795 u=juan_sebastian n=ansible | TASK [2do_parcial : crea directorios si no existe] ********************************************************************************************************************************************************
2025-11-08 23:51:17,228 p=2795 u=juan_sebastian n=ansible | ok: [localhost]
2025-11-08 23:51:17,235 p=2795 u=juan_sebastian n=ansible | TASK [2do_parcial : crea directorios si no existe] ********************************************************************************************************************************************************
2025-11-08 23:51:17,443 p=2795 u=juan_sebastian n=ansible | ok: [localhost]
2025-11-08 23:51:17,450 p=2795 u=juan_sebastian n=ansible | TASK [2do_parcial : Usando modulo template] ***************************************************************************************************************************************************************
2025-11-08 23:51:18,028 p=2795 u=juan_sebastian n=ansible | fatal: [localhost]: FAILED! => {"changed": false, "checksum": "10a1aacdb057b6baa5f0db60c0c160b3096e7ea8", "gid": 1002, "group": "juan_sebastian", "mode": "0664", "msg": "chgrp failed: failed to look up group wheel", "owner": "bin", "path": "/tmp/2do_parcial/alumno/datos_alumno.txt", "size": 56, "state": "file", "uid": 2}
2025-11-08 23:51:18,031 p=2795 u=juan_sebastian n=ansible | PLAY RECAP ************************************************************************************************************************************************************************************************
2025-11-08 23:51:18,032 p=2795 u=juan_sebastian n=ansible | 127.0.0.1                  : ok=0    changed=0    unreachable=1    failed=0    skipped=0    rescued=0    ignored=0   
2025-11-08 23:51:18,032 p=2795 u=juan_sebastian n=ansible | localhost                  : ok=5    changed=0    unreachable=0    failed=1    skipped=0    rescued=0    ignored=0   
2025-11-08 23:56:57,630 p=2998 u=juan_sebastian n=ansible | [WARNING]: A duplicate localhost-like entry was found (localhost). First found localhost was 127.0.0.1

2025-11-08 23:56:57,752 p=2998 u=juan_sebastian n=ansible | PLAY [all] ************************************************************************************************************************************************************************************************
2025-11-08 23:56:57,759 p=2998 u=juan_sebastian n=ansible | TASK [Gathering Facts] ************************************************************************************************************************************************************************************
2025-11-08 23:56:58,076 p=2998 u=juan_sebastian n=ansible | fatal: [127.0.0.1]: UNREACHABLE! => {"changed": false, "msg": "Failed to connect to the host via ssh: Warning: Permanently added '127.0.0.1' (ED25519) to the list of known hosts.\r\njuan_sebastian@127.0.0.1: Permission denied (publickey,password).", "unreachable": true}
2025-11-08 23:56:58,914 p=2998 u=juan_sebastian n=ansible | [WARNING]: Platform linux on host localhost is using the discovered Python interpreter at /usr/bin/python3.10, but future installation of another Python interpreter could change the meaning of that
path. See https://docs.ansible.com/ansible-core/2.17/reference_appendices/interpreter_discovery.html for more information.

2025-11-08 23:56:58,915 p=2998 u=juan_sebastian n=ansible | ok: [localhost]
2025-11-08 23:56:58,921 p=2998 u=juan_sebastian n=ansible | TASK [include_role : 2do_parcial] *************************************************************************************************************************************************************************
2025-11-08 23:56:58,949 p=2998 u=juan_sebastian n=ansible | included: 2do_parcial for localhost
2025-11-08 23:56:58,955 p=2998 u=juan_sebastian n=ansible | TASK [2do_parcial : debug] ********************************************************************************************************************************************************************************
2025-11-08 23:56:58,969 p=2998 u=juan_sebastian n=ansible | ok: [localhost] => {
    "msg": "Tareas del 2do Parcial"
}
2025-11-08 23:56:58,977 p=2998 u=juan_sebastian n=ansible | TASK [2do_parcial : crea directorios si no existe] ********************************************************************************************************************************************************
2025-11-08 23:56:59,300 p=2998 u=juan_sebastian n=ansible | ok: [localhost]
2025-11-08 23:56:59,307 p=2998 u=juan_sebastian n=ansible | TASK [2do_parcial : crea directorios si no existe] ********************************************************************************************************************************************************
2025-11-08 23:56:59,545 p=2998 u=juan_sebastian n=ansible | ok: [localhost]
2025-11-08 23:56:59,554 p=2998 u=juan_sebastian n=ansible | TASK [2do_parcial : Usando modulo template] ***************************************************************************************************************************************************************
2025-11-08 23:57:00,098 p=2998 u=juan_sebastian n=ansible | changed: [localhost]
2025-11-08 23:57:00,105 p=2998 u=juan_sebastian n=ansible | TASK [2do_parcial : Usando modulo template] ***************************************************************************************************************************************************************
2025-11-08 23:57:00,618 p=2998 u=juan_sebastian n=ansible | changed: [localhost]
2025-11-08 23:57:00,628 p=2998 u=juan_sebastian n=ansible | TASK [2do_parcial : Modificando sudoers] ******************************************************************************************************************************************************************
2025-11-08 23:57:01,025 p=2998 u=juan_sebastian n=ansible | changed: [localhost]
2025-11-08 23:57:01,039 p=2998 u=juan_sebastian n=ansible | TASK [Otra tarea] *****************************************************************************************************************************************************************************************
2025-11-08 23:57:01,054 p=2998 u=juan_sebastian n=ansible | ok: [localhost] => {
    "msg": "Despues de la ejecucion del rol"
}
2025-11-08 23:57:01,056 p=2998 u=juan_sebastian n=ansible | PLAY RECAP ************************************************************************************************************************************************************************************************
2025-11-08 23:57:01,056 p=2998 u=juan_sebastian n=ansible | 127.0.0.1                  : ok=0    changed=0    unreachable=1    failed=0    skipped=0    rescued=0    ignored=0   
2025-11-08 23:57:01,056 p=2998 u=juan_sebastian n=ansible | localhost                  : ok=9    changed=3    unreachable=0    failed=0    skipped=0    rescued=0    ignored=0   
